<?xml version="1.0" encoding="UTF-8"?>
<testng-results ignored="0" total="1" passed="1" failed="0" skipped="0">
  <reporter-output>
  </reporter-output>
  <suite started-at="2019-01-01T09:32:30Z" name="Default suite" finished-at="2019-01-01T09:32:55Z" duration-ms="25000">
    <groups>
    </groups>
    <test started-at="2019-01-01T09:32:30Z" name="Find Restaurant in Jhansi Rest API test" finished-at="2019-01-01T09:32:55Z" duration-ms="25000">
      <class name="zomatoAPI_Automation.Find_restaurant_in_Jhansi">
        <test-method signature="ListofRestaurant()[pri:0, instance:zomatoAPI_Automation.Find_restaurant_in_Jhansi@1e66f1f5]" started-at="2019-01-01T09:32:31Z" name="ListofRestaurant" finished-at="2019-01-01T09:32:55Z" duration-ms="23967" status="PASS">
          <reporter-output>
          </reporter-output>
        </test-method> <!-- ListofRestaurant -->
      </class> <!-- zomatoAPI_Automation.Find_restaurant_in_Jhansi -->
    </test> <!-- Find Restaurant in Jhansi Rest API test -->
  </suite> <!-- Default suite -->
</testng-results>
